2025-02-21T15:33:26.347+05:30  INFO 26760 --- [appdevelopment] [main] c.s.a.AppDevelopmentApplication          : Starting AppDevelopmentApplication using Java 20.0.2 with PID 26760 (C:\Users\ASUS\Desktop\appdevelopment\springappdevelopment\target\classes started by ASUS in C:\Users\ASUS\Desktop\appdevelopment\springappdevelopment)
2025-02-21T15:33:26.350+05:30 DEBUG 26760 --- [appdevelopment] [main] c.s.a.AppDevelopmentApplication          : Running with Spring Boot v3.4.3, Spring v6.2.3
2025-02-21T15:33:26.351+05:30  INFO 26760 --- [appdevelopment] [main] c.s.a.AppDevelopmentApplication          : No active profile set, falling back to 1 default profile: "default"
2025-02-21T15:33:27.871+05:30  INFO 26760 --- [appdevelopment] [main] o.s.b.w.embedded.tomcat.TomcatWebServer  : Tomcat initialized with port 8080 (http)
2025-02-21T15:33:27.887+05:30  INFO 26760 --- [appdevelopment] [main] o.apache.catalina.core.StandardService   : Starting service [Tomcat]
2025-02-21T15:33:27.888+05:30  INFO 26760 --- [appdevelopment] [main] o.apache.catalina.core.StandardEngine    : Starting Servlet engine: [Apache Tomcat/10.1.36]
2025-02-21T15:33:27.955+05:30  INFO 26760 --- [appdevelopment] [main] o.a.c.c.C.[Tomcat].[localhost].[/]       : Initializing Spring embedded WebApplicationContext
2025-02-21T15:33:27.956+05:30  INFO 26760 --- [appdevelopment] [main] w.s.c.ServletWebServerApplicationContext : Root WebApplicationContext: initialization completed in 1533 ms
2025-02-21T15:33:28.089+05:30  INFO 26760 --- [appdevelopment] [main] o.s.b.a.w.s.WelcomePageHandlerMapping    : Adding welcome page template: index
2025-02-21T15:33:28.515+05:30  INFO 26760 --- [appdevelopment] [main] o.s.b.w.embedded.tomcat.TomcatWebServer  : Tomcat started on port 8080 (http) with context path '/'
2025-02-21T15:33:28.531+05:30  INFO 26760 --- [appdevelopment] [main] c.s.a.AppDevelopmentApplication          : Started AppDevelopmentApplication in 2.884 seconds (process running for 3.407)
2025-02-21T15:33:50.589+05:30  INFO 26760 --- [appdevelopment] [http-nio-8080-exec-1] o.a.c.c.C.[Tomcat].[localhost].[/]       : Initializing Spring DispatcherServlet 'dispatcherServlet'
2025-02-21T15:33:50.590+05:30  INFO 26760 --- [appdevelopment] [http-nio-8080-exec-1] o.s.web.servlet.DispatcherServlet        : Initializing Servlet 'dispatcherServlet'
2025-02-21T15:33:50.592+05:30  INFO 26760 --- [appdevelopment] [http-nio-8080-exec-1] o.s.web.servlet.DispatcherServlet        : Completed initialization in 2 ms
2025-02-21T15:34:52.689+05:30  INFO 26760 --- [appdevelopment] [SpringApplicationShutdownHook] o.s.b.w.e.tomcat.GracefulShutdown        : Commencing graceful shutdown. Waiting for active requests to complete
2025-02-21T15:34:52.789+05:30  INFO 26760 --- [appdevelopment] [tomcat-shutdown] o.s.b.w.e.tomcat.GracefulShutdown        : Graceful shutdown complete
2025-02-21T15:35:00.570+05:30  INFO 19432 --- [appdevelopment] [main] c.s.a.AppDevelopmentApplication          : Starting AppDevelopmentApplication using Java 20.0.2 with PID 19432 (C:\Users\ASUS\Desktop\appdevelopment\springappdevelopment\target\classes started by ASUS in C:\Users\ASUS\Desktop\appdevelopment\springappdevelopment)
2025-02-21T15:35:00.575+05:30 DEBUG 19432 --- [appdevelopment] [main] c.s.a.AppDevelopmentApplication          : Running with Spring Boot v3.4.3, Spring v6.2.3
2025-02-21T15:35:00.577+05:30  INFO 19432 --- [appdevelopment] [main] c.s.a.AppDevelopmentApplication          : No active profile set, falling back to 1 default profile: "default"
2025-02-21T15:35:01.968+05:30  INFO 19432 --- [appdevelopment] [main] o.s.b.w.embedded.tomcat.TomcatWebServer  : Tomcat initialized with port 8080 (http)
2025-02-21T15:35:01.983+05:30  INFO 19432 --- [appdevelopment] [main] o.apache.catalina.core.StandardService   : Starting service [Tomcat]
2025-02-21T15:35:01.983+05:30  INFO 19432 --- [appdevelopment] [main] o.apache.catalina.core.StandardEngine    : Starting Servlet engine: [Apache Tomcat/10.1.36]
2025-02-21T15:35:02.073+05:30  INFO 19432 --- [appdevelopment] [main] o.a.c.c.C.[Tomcat].[localhost].[/]       : Initializing Spring embedded WebApplicationContext
2025-02-21T15:35:02.074+05:30  INFO 19432 --- [appdevelopment] [main] w.s.c.ServletWebServerApplicationContext : Root WebApplicationContext: initialization completed in 1418 ms
2025-02-21T15:35:02.153+05:30  WARN 19432 --- [appdevelopment] [main] ConfigServletWebServerApplicationContext : Exception encountered during context initialization - cancelling refresh attempt: org.springframework.beans.factory.BeanCreationException: Error creating bean with name 'controllerForLogger' defined in file [C:\Users\ASUS\Desktop\appdevelopment\springappdevelopment\target\classes\com\spring\appdevelopment\controller\ControllerForLogger.class]: null
2025-02-21T15:35:02.156+05:30  INFO 19432 --- [appdevelopment] [main] o.apache.catalina.core.StandardService   : Stopping service [Tomcat]
2025-02-21T15:35:02.178+05:30  INFO 19432 --- [appdevelopment] [main] .s.b.a.l.ConditionEvaluationReportLogger : 

Error starting ApplicationContext. To display the condition evaluation report re-run your application with 'debug' enabled.
2025-02-21T15:35:02.213+05:30 ERROR 19432 --- [appdevelopment] [main] o.s.boot.SpringApplication               : Application run failed

org.springframework.beans.factory.BeanCreationException: Error creating bean with name 'controllerForLogger' defined in file [C:\Users\ASUS\Desktop\appdevelopment\springappdevelopment\target\classes\com\spring\appdevelopment\controller\ControllerForLogger.class]: null
	at org.springframework.beans.factory.support.AbstractAutowireCapableBeanFactory.instantiateBean(AbstractAutowireCapableBeanFactory.java:1343) ~[spring-beans-6.2.3.jar:6.2.3]
	at org.springframework.beans.factory.support.AbstractAutowireCapableBeanFactory.createBeanInstance(AbstractAutowireCapableBeanFactory.java:1228) ~[spring-beans-6.2.3.jar:6.2.3]
	at org.springframework.beans.factory.support.AbstractAutowireCapableBeanFactory.doCreateBean(AbstractAutowireCapableBeanFactory.java:563) ~[spring-beans-6.2.3.jar:6.2.3]
	at org.springframework.beans.factory.support.AbstractAutowireCapableBeanFactory.createBean(AbstractAutowireCapableBeanFactory.java:523) ~[spring-beans-6.2.3.jar:6.2.3]
	at org.springframework.beans.factory.support.AbstractBeanFactory.lambda$doGetBean$0(AbstractBeanFactory.java:339) ~[spring-beans-6.2.3.jar:6.2.3]
	at org.springframework.beans.factory.support.DefaultSingletonBeanRegistry.getSingleton(DefaultSingletonBeanRegistry.java:346) ~[spring-beans-6.2.3.jar:6.2.3]
	at org.springframework.beans.factory.support.AbstractBeanFactory.doGetBean(AbstractBeanFactory.java:337) ~[spring-beans-6.2.3.jar:6.2.3]
	at org.springframework.beans.factory.support.AbstractBeanFactory.getBean(AbstractBeanFactory.java:202) ~[spring-beans-6.2.3.jar:6.2.3]
	at org.springframework.beans.factory.support.DefaultListableBeanFactory.instantiateSingleton(DefaultListableBeanFactory.java:1155) ~[spring-beans-6.2.3.jar:6.2.3]
	at org.springframework.beans.factory.support.DefaultListableBeanFactory.preInstantiateSingleton(DefaultListableBeanFactory.java:1121) ~[spring-beans-6.2.3.jar:6.2.3]
	at org.springframework.beans.factory.support.DefaultListableBeanFactory.preInstantiateSingletons(DefaultListableBeanFactory.java:1056) ~[spring-beans-6.2.3.jar:6.2.3]
	at org.springframework.context.support.AbstractApplicationContext.finishBeanFactoryInitialization(AbstractApplicationContext.java:987) ~[spring-context-6.2.3.jar:6.2.3]
	at org.springframework.context.support.AbstractApplicationContext.refresh(AbstractApplicationContext.java:627) ~[spring-context-6.2.3.jar:6.2.3]
	at org.springframework.boot.web.servlet.context.ServletWebServerApplicationContext.refresh(ServletWebServerApplicationContext.java:146) ~[spring-boot-3.4.3.jar:3.4.3]
	at org.springframework.boot.SpringApplication.refresh(SpringApplication.java:752) ~[spring-boot-3.4.3.jar:3.4.3]
	at org.springframework.boot.SpringApplication.refreshContext(SpringApplication.java:439) ~[spring-boot-3.4.3.jar:3.4.3]
	at org.springframework.boot.SpringApplication.run(SpringApplication.java:318) ~[spring-boot-3.4.3.jar:3.4.3]
	at org.springframework.boot.SpringApplication.run(SpringApplication.java:1361) ~[spring-boot-3.4.3.jar:3.4.3]
	at org.springframework.boot.SpringApplication.run(SpringApplication.java:1350) ~[spring-boot-3.4.3.jar:3.4.3]
	at com.spring.appdevelopment.AppDevelopmentApplication.main(AppDevelopmentApplication.java:10) ~[classes/:na]
Caused by: java.lang.ExceptionInInitializerError: null
	at java.base/jdk.internal.misc.Unsafe.ensureClassInitialized0(Native Method) ~[na:na]
	at java.base/jdk.internal.misc.Unsafe.ensureClassInitialized(Unsafe.java:1160) ~[na:na]
	at java.base/jdk.internal.reflect.MethodHandleAccessorFactory.ensureClassInitialized(MethodHandleAccessorFactory.java:300) ~[na:na]
	at java.base/jdk.internal.reflect.MethodHandleAccessorFactory.newConstructorAccessor(MethodHandleAccessorFactory.java:103) ~[na:na]
	at java.base/jdk.internal.reflect.ReflectionFactory.newConstructorAccessor(ReflectionFactory.java:200) ~[na:na]
	at java.base/java.lang.reflect.Constructor.acquireConstructorAccessor(Constructor.java:547) ~[na:na]
	at java.base/java.lang.reflect.Constructor.newInstanceWithCaller(Constructor.java:497) ~[na:na]
	at java.base/java.lang.reflect.Constructor.newInstance(Constructor.java:484) ~[na:na]
	at org.springframework.beans.BeanUtils.instantiateClass(BeanUtils.java:196) ~[spring-beans-6.2.3.jar:6.2.3]
	at org.springframework.beans.factory.support.SimpleInstantiationStrategy.instantiate(SimpleInstantiationStrategy.java:122) ~[spring-beans-6.2.3.jar:6.2.3]
	at org.springframework.beans.factory.support.AbstractAutowireCapableBeanFactory.instantiateBean(AbstractAutowireCapableBeanFactory.java:1337) ~[spring-beans-6.2.3.jar:6.2.3]
	... 19 common frames omitted
Caused by: java.lang.ClassCastException: class ch.qos.logback.classic.Logger cannot be cast to class java.util.logging.Logger (ch.qos.logback.classic.Logger is in unnamed module of loader 'app'; java.util.logging.Logger is in module java.logging of loader 'bootstrap')
	at com.spring.appdevelopment.controller.ControllerForLogger.<clinit>(ControllerForLogger.java:10) ~[classes/:na]
	... 30 common frames omitted

2025-02-21T15:35:32.145+05:30  INFO 19560 --- [appdevelopment] [main] c.s.a.AppDevelopmentApplication          : Starting AppDevelopmentApplication using Java 20.0.2 with PID 19560 (C:\Users\ASUS\Desktop\appdevelopment\springappdevelopment\target\classes started by ASUS in C:\Users\ASUS\Desktop\appdevelopment\springappdevelopment)
2025-02-21T15:35:32.148+05:30 DEBUG 19560 --- [appdevelopment] [main] c.s.a.AppDevelopmentApplication          : Running with Spring Boot v3.4.3, Spring v6.2.3
2025-02-21T15:35:32.150+05:30  INFO 19560 --- [appdevelopment] [main] c.s.a.AppDevelopmentApplication          : No active profile set, falling back to 1 default profile: "default"
2025-02-21T15:35:33.585+05:30  INFO 19560 --- [appdevelopment] [main] o.s.b.w.embedded.tomcat.TomcatWebServer  : Tomcat initialized with port 8080 (http)
2025-02-21T15:35:33.602+05:30  INFO 19560 --- [appdevelopment] [main] o.apache.catalina.core.StandardService   : Starting service [Tomcat]
2025-02-21T15:35:33.602+05:30  INFO 19560 --- [appdevelopment] [main] o.apache.catalina.core.StandardEngine    : Starting Servlet engine: [Apache Tomcat/10.1.36]
2025-02-21T15:35:33.680+05:30  INFO 19560 --- [appdevelopment] [main] o.a.c.c.C.[Tomcat].[localhost].[/]       : Initializing Spring embedded WebApplicationContext
2025-02-21T15:35:33.681+05:30  INFO 19560 --- [appdevelopment] [main] w.s.c.ServletWebServerApplicationContext : Root WebApplicationContext: initialization completed in 1452 ms
2025-02-21T15:35:33.736+05:30  WARN 19560 --- [appdevelopment] [main] ConfigServletWebServerApplicationContext : Exception encountered during context initialization - cancelling refresh attempt: org.springframework.beans.factory.BeanCreationException: Error creating bean with name 'controllerForLogger' defined in file [C:\Users\ASUS\Desktop\appdevelopment\springappdevelopment\target\classes\com\spring\appdevelopment\controller\ControllerForLogger.class]: null
2025-02-21T15:35:33.740+05:30  INFO 19560 --- [appdevelopment] [main] o.apache.catalina.core.StandardService   : Stopping service [Tomcat]
2025-02-21T15:35:33.753+05:30  INFO 19560 --- [appdevelopment] [main] .s.b.a.l.ConditionEvaluationReportLogger : 

Error starting ApplicationContext. To display the condition evaluation report re-run your application with 'debug' enabled.
2025-02-21T15:35:33.773+05:30 ERROR 19560 --- [appdevelopment] [main] o.s.boot.SpringApplication               : Application run failed

org.springframework.beans.factory.BeanCreationException: Error creating bean with name 'controllerForLogger' defined in file [C:\Users\ASUS\Desktop\appdevelopment\springappdevelopment\target\classes\com\spring\appdevelopment\controller\ControllerForLogger.class]: null
	at org.springframework.beans.factory.support.AbstractAutowireCapableBeanFactory.instantiateBean(AbstractAutowireCapableBeanFactory.java:1343) ~[spring-beans-6.2.3.jar:6.2.3]
	at org.springframework.beans.factory.support.AbstractAutowireCapableBeanFactory.createBeanInstance(AbstractAutowireCapableBeanFactory.java:1228) ~[spring-beans-6.2.3.jar:6.2.3]
	at org.springframework.beans.factory.support.AbstractAutowireCapableBeanFactory.doCreateBean(AbstractAutowireCapableBeanFactory.java:563) ~[spring-beans-6.2.3.jar:6.2.3]
	at org.springframework.beans.factory.support.AbstractAutowireCapableBeanFactory.createBean(AbstractAutowireCapableBeanFactory.java:523) ~[spring-beans-6.2.3.jar:6.2.3]
	at org.springframework.beans.factory.support.AbstractBeanFactory.lambda$doGetBean$0(AbstractBeanFactory.java:339) ~[spring-beans-6.2.3.jar:6.2.3]
	at org.springframework.beans.factory.support.DefaultSingletonBeanRegistry.getSingleton(DefaultSingletonBeanRegistry.java:346) ~[spring-beans-6.2.3.jar:6.2.3]
	at org.springframework.beans.factory.support.AbstractBeanFactory.doGetBean(AbstractBeanFactory.java:337) ~[spring-beans-6.2.3.jar:6.2.3]
	at org.springframework.beans.factory.support.AbstractBeanFactory.getBean(AbstractBeanFactory.java:202) ~[spring-beans-6.2.3.jar:6.2.3]
	at org.springframework.beans.factory.support.DefaultListableBeanFactory.instantiateSingleton(DefaultListableBeanFactory.java:1155) ~[spring-beans-6.2.3.jar:6.2.3]
	at org.springframework.beans.factory.support.DefaultListableBeanFactory.preInstantiateSingleton(DefaultListableBeanFactory.java:1121) ~[spring-beans-6.2.3.jar:6.2.3]
	at org.springframework.beans.factory.support.DefaultListableBeanFactory.preInstantiateSingletons(DefaultListableBeanFactory.java:1056) ~[spring-beans-6.2.3.jar:6.2.3]
	at org.springframework.context.support.AbstractApplicationContext.finishBeanFactoryInitialization(AbstractApplicationContext.java:987) ~[spring-context-6.2.3.jar:6.2.3]
	at org.springframework.context.support.AbstractApplicationContext.refresh(AbstractApplicationContext.java:627) ~[spring-context-6.2.3.jar:6.2.3]
	at org.springframework.boot.web.servlet.context.ServletWebServerApplicationContext.refresh(ServletWebServerApplicationContext.java:146) ~[spring-boot-3.4.3.jar:3.4.3]
	at org.springframework.boot.SpringApplication.refresh(SpringApplication.java:752) ~[spring-boot-3.4.3.jar:3.4.3]
	at org.springframework.boot.SpringApplication.refreshContext(SpringApplication.java:439) ~[spring-boot-3.4.3.jar:3.4.3]
	at org.springframework.boot.SpringApplication.run(SpringApplication.java:318) ~[spring-boot-3.4.3.jar:3.4.3]
	at org.springframework.boot.SpringApplication.run(SpringApplication.java:1361) ~[spring-boot-3.4.3.jar:3.4.3]
	at org.springframework.boot.SpringApplication.run(SpringApplication.java:1350) ~[spring-boot-3.4.3.jar:3.4.3]
	at com.spring.appdevelopment.AppDevelopmentApplication.main(AppDevelopmentApplication.java:10) ~[classes/:na]
Caused by: java.lang.ExceptionInInitializerError: null
	at java.base/jdk.internal.misc.Unsafe.ensureClassInitialized0(Native Method) ~[na:na]
	at java.base/jdk.internal.misc.Unsafe.ensureClassInitialized(Unsafe.java:1160) ~[na:na]
	at java.base/jdk.internal.reflect.MethodHandleAccessorFactory.ensureClassInitialized(MethodHandleAccessorFactory.java:300) ~[na:na]
	at java.base/jdk.internal.reflect.MethodHandleAccessorFactory.newConstructorAccessor(MethodHandleAccessorFactory.java:103) ~[na:na]
	at java.base/jdk.internal.reflect.ReflectionFactory.newConstructorAccessor(ReflectionFactory.java:200) ~[na:na]
	at java.base/java.lang.reflect.Constructor.acquireConstructorAccessor(Constructor.java:547) ~[na:na]
	at java.base/java.lang.reflect.Constructor.newInstanceWithCaller(Constructor.java:497) ~[na:na]
	at java.base/java.lang.reflect.Constructor.newInstance(Constructor.java:484) ~[na:na]
	at org.springframework.beans.BeanUtils.instantiateClass(BeanUtils.java:196) ~[spring-beans-6.2.3.jar:6.2.3]
	at org.springframework.beans.factory.support.SimpleInstantiationStrategy.instantiate(SimpleInstantiationStrategy.java:122) ~[spring-beans-6.2.3.jar:6.2.3]
	at org.springframework.beans.factory.support.AbstractAutowireCapableBeanFactory.instantiateBean(AbstractAutowireCapableBeanFactory.java:1337) ~[spring-beans-6.2.3.jar:6.2.3]
	... 19 common frames omitted
Caused by: java.lang.ClassCastException: class ch.qos.logback.classic.Logger cannot be cast to class java.util.logging.Logger (ch.qos.logback.classic.Logger is in unnamed module of loader 'app'; java.util.logging.Logger is in module java.logging of loader 'bootstrap')
	at com.spring.appdevelopment.controller.ControllerForLogger.<clinit>(ControllerForLogger.java:10) ~[classes/:na]
	... 30 common frames omitted

2025-02-21T15:37:58.888+05:30  INFO 16412 --- [appdevelopment] [main] c.s.a.AppDevelopmentApplication          : Starting AppDevelopmentApplication using Java 20.0.2 with PID 16412 (C:\Users\ASUS\Desktop\appdevelopment\springappdevelopment\target\classes started by ASUS in C:\Users\ASUS\Desktop\appdevelopment\springappdevelopment)
2025-02-21T15:37:58.892+05:30 DEBUG 16412 --- [appdevelopment] [main] c.s.a.AppDevelopmentApplication          : Running with Spring Boot v3.4.3, Spring v6.2.3
2025-02-21T15:37:58.894+05:30  INFO 16412 --- [appdevelopment] [main] c.s.a.AppDevelopmentApplication          : No active profile set, falling back to 1 default profile: "default"
2025-02-21T15:38:00.211+05:30  INFO 16412 --- [appdevelopment] [main] o.s.b.w.embedded.tomcat.TomcatWebServer  : Tomcat initialized with port 8080 (http)
2025-02-21T15:38:00.224+05:30  INFO 16412 --- [appdevelopment] [main] o.apache.catalina.core.StandardService   : Starting service [Tomcat]
2025-02-21T15:38:00.225+05:30  INFO 16412 --- [appdevelopment] [main] o.apache.catalina.core.StandardEngine    : Starting Servlet engine: [Apache Tomcat/10.1.36]
2025-02-21T15:38:00.293+05:30  INFO 16412 --- [appdevelopment] [main] o.a.c.c.C.[Tomcat].[localhost].[/]       : Initializing Spring embedded WebApplicationContext
2025-02-21T15:38:00.294+05:30  INFO 16412 --- [appdevelopment] [main] w.s.c.ServletWebServerApplicationContext : Root WebApplicationContext: initialization completed in 1323 ms
2025-02-21T15:38:00.361+05:30  WARN 16412 --- [appdevelopment] [main] ConfigServletWebServerApplicationContext : Exception encountered during context initialization - cancelling refresh attempt: org.springframework.beans.factory.BeanCreationException: Error creating bean with name 'controllerForLogger' defined in file [C:\Users\ASUS\Desktop\appdevelopment\springappdevelopment\target\classes\com\spring\appdevelopment\controller\ControllerForLogger.class]: null
2025-02-21T15:38:00.364+05:30  INFO 16412 --- [appdevelopment] [main] o.apache.catalina.core.StandardService   : Stopping service [Tomcat]
2025-02-21T15:38:00.381+05:30  INFO 16412 --- [appdevelopment] [main] .s.b.a.l.ConditionEvaluationReportLogger : 

Error starting ApplicationContext. To display the condition evaluation report re-run your application with 'debug' enabled.
2025-02-21T15:38:00.408+05:30 ERROR 16412 --- [appdevelopment] [main] o.s.boot.SpringApplication               : Application run failed

org.springframework.beans.factory.BeanCreationException: Error creating bean with name 'controllerForLogger' defined in file [C:\Users\ASUS\Desktop\appdevelopment\springappdevelopment\target\classes\com\spring\appdevelopment\controller\ControllerForLogger.class]: null
	at org.springframework.beans.factory.support.AbstractAutowireCapableBeanFactory.instantiateBean(AbstractAutowireCapableBeanFactory.java:1343) ~[spring-beans-6.2.3.jar:6.2.3]
	at org.springframework.beans.factory.support.AbstractAutowireCapableBeanFactory.createBeanInstance(AbstractAutowireCapableBeanFactory.java:1228) ~[spring-beans-6.2.3.jar:6.2.3]
	at org.springframework.beans.factory.support.AbstractAutowireCapableBeanFactory.doCreateBean(AbstractAutowireCapableBeanFactory.java:563) ~[spring-beans-6.2.3.jar:6.2.3]
	at org.springframework.beans.factory.support.AbstractAutowireCapableBeanFactory.createBean(AbstractAutowireCapableBeanFactory.java:523) ~[spring-beans-6.2.3.jar:6.2.3]
	at org.springframework.beans.factory.support.AbstractBeanFactory.lambda$doGetBean$0(AbstractBeanFactory.java:339) ~[spring-beans-6.2.3.jar:6.2.3]
	at org.springframework.beans.factory.support.DefaultSingletonBeanRegistry.getSingleton(DefaultSingletonBeanRegistry.java:346) ~[spring-beans-6.2.3.jar:6.2.3]
	at org.springframework.beans.factory.support.AbstractBeanFactory.doGetBean(AbstractBeanFactory.java:337) ~[spring-beans-6.2.3.jar:6.2.3]
	at org.springframework.beans.factory.support.AbstractBeanFactory.getBean(AbstractBeanFactory.java:202) ~[spring-beans-6.2.3.jar:6.2.3]
	at org.springframework.beans.factory.support.DefaultListableBeanFactory.instantiateSingleton(DefaultListableBeanFactory.java:1155) ~[spring-beans-6.2.3.jar:6.2.3]
	at org.springframework.beans.factory.support.DefaultListableBeanFactory.preInstantiateSingleton(DefaultListableBeanFactory.java:1121) ~[spring-beans-6.2.3.jar:6.2.3]
	at org.springframework.beans.factory.support.DefaultListableBeanFactory.preInstantiateSingletons(DefaultListableBeanFactory.java:1056) ~[spring-beans-6.2.3.jar:6.2.3]
	at org.springframework.context.support.AbstractApplicationContext.finishBeanFactoryInitialization(AbstractApplicationContext.java:987) ~[spring-context-6.2.3.jar:6.2.3]
	at org.springframework.context.support.AbstractApplicationContext.refresh(AbstractApplicationContext.java:627) ~[spring-context-6.2.3.jar:6.2.3]
	at org.springframework.boot.web.servlet.context.ServletWebServerApplicationContext.refresh(ServletWebServerApplicationContext.java:146) ~[spring-boot-3.4.3.jar:3.4.3]
	at org.springframework.boot.SpringApplication.refresh(SpringApplication.java:752) ~[spring-boot-3.4.3.jar:3.4.3]
	at org.springframework.boot.SpringApplication.refreshContext(SpringApplication.java:439) ~[spring-boot-3.4.3.jar:3.4.3]
	at org.springframework.boot.SpringApplication.run(SpringApplication.java:318) ~[spring-boot-3.4.3.jar:3.4.3]
	at org.springframework.boot.SpringApplication.run(SpringApplication.java:1361) ~[spring-boot-3.4.3.jar:3.4.3]
	at org.springframework.boot.SpringApplication.run(SpringApplication.java:1350) ~[spring-boot-3.4.3.jar:3.4.3]
	at com.spring.appdevelopment.AppDevelopmentApplication.main(AppDevelopmentApplication.java:10) ~[classes/:na]
Caused by: java.lang.ExceptionInInitializerError: null
	at java.base/jdk.internal.misc.Unsafe.ensureClassInitialized0(Native Method) ~[na:na]
	at java.base/jdk.internal.misc.Unsafe.ensureClassInitialized(Unsafe.java:1160) ~[na:na]
	at java.base/jdk.internal.reflect.MethodHandleAccessorFactory.ensureClassInitialized(MethodHandleAccessorFactory.java:300) ~[na:na]
	at java.base/jdk.internal.reflect.MethodHandleAccessorFactory.newConstructorAccessor(MethodHandleAccessorFactory.java:103) ~[na:na]
	at java.base/jdk.internal.reflect.ReflectionFactory.newConstructorAccessor(ReflectionFactory.java:200) ~[na:na]
	at java.base/java.lang.reflect.Constructor.acquireConstructorAccessor(Constructor.java:547) ~[na:na]
	at java.base/java.lang.reflect.Constructor.newInstanceWithCaller(Constructor.java:497) ~[na:na]
	at java.base/java.lang.reflect.Constructor.newInstance(Constructor.java:484) ~[na:na]
	at org.springframework.beans.BeanUtils.instantiateClass(BeanUtils.java:196) ~[spring-beans-6.2.3.jar:6.2.3]
	at org.springframework.beans.factory.support.SimpleInstantiationStrategy.instantiate(SimpleInstantiationStrategy.java:122) ~[spring-beans-6.2.3.jar:6.2.3]
	at org.springframework.beans.factory.support.AbstractAutowireCapableBeanFactory.instantiateBean(AbstractAutowireCapableBeanFactory.java:1337) ~[spring-beans-6.2.3.jar:6.2.3]
	... 19 common frames omitted
Caused by: java.lang.ClassCastException: class ch.qos.logback.classic.Logger cannot be cast to class java.util.logging.Logger (ch.qos.logback.classic.Logger is in unnamed module of loader 'app'; java.util.logging.Logger is in module java.logging of loader 'bootstrap')
	at com.spring.appdevelopment.controller.ControllerForLogger.<clinit>(ControllerForLogger.java:17) ~[classes/:na]
	... 30 common frames omitted

2025-02-21T15:38:15.490+05:30  INFO 28192 --- [appdevelopment] [main] c.s.a.AppDevelopmentApplication          : Starting AppDevelopmentApplication using Java 20.0.2 with PID 28192 (C:\Users\ASUS\Desktop\appdevelopment\springappdevelopment\target\classes started by ASUS in C:\Users\ASUS\Desktop\appdevelopment\springappdevelopment)
2025-02-21T15:38:15.493+05:30  INFO 28192 --- [appdevelopment] [main] c.s.a.AppDevelopmentApplication          : No active profile set, falling back to 1 default profile: "default"
2025-02-21T15:38:16.806+05:30  INFO 28192 --- [appdevelopment] [main] o.s.b.w.embedded.tomcat.TomcatWebServer  : Tomcat initialized with port 8080 (http)
2025-02-21T15:38:16.820+05:30  INFO 28192 --- [appdevelopment] [main] o.apache.catalina.core.StandardService   : Starting service [Tomcat]
2025-02-21T15:38:16.821+05:30  INFO 28192 --- [appdevelopment] [main] o.apache.catalina.core.StandardEngine    : Starting Servlet engine: [Apache Tomcat/10.1.36]
2025-02-21T15:38:16.894+05:30  INFO 28192 --- [appdevelopment] [main] o.a.c.c.C.[Tomcat].[localhost].[/]       : Initializing Spring embedded WebApplicationContext
2025-02-21T15:38:16.895+05:30  INFO 28192 --- [appdevelopment] [main] w.s.c.ServletWebServerApplicationContext : Root WebApplicationContext: initialization completed in 1336 ms
2025-02-21T15:38:16.960+05:30  WARN 28192 --- [appdevelopment] [main] ConfigServletWebServerApplicationContext : Exception encountered during context initialization - cancelling refresh attempt: org.springframework.beans.factory.BeanCreationException: Error creating bean with name 'controllerForLogger' defined in file [C:\Users\ASUS\Desktop\appdevelopment\springappdevelopment\target\classes\com\spring\appdevelopment\controller\ControllerForLogger.class]: null
2025-02-21T15:38:16.965+05:30  INFO 28192 --- [appdevelopment] [main] o.apache.catalina.core.StandardService   : Stopping service [Tomcat]
2025-02-21T15:38:16.982+05:30  INFO 28192 --- [appdevelopment] [main] .s.b.a.l.ConditionEvaluationReportLogger : 

Error starting ApplicationContext. To display the condition evaluation report re-run your application with 'debug' enabled.
2025-02-21T15:38:17.004+05:30 ERROR 28192 --- [appdevelopment] [main] o.s.boot.SpringApplication               : Application run failed

org.springframework.beans.factory.BeanCreationException: Error creating bean with name 'controllerForLogger' defined in file [C:\Users\ASUS\Desktop\appdevelopment\springappdevelopment\target\classes\com\spring\appdevelopment\controller\ControllerForLogger.class]: null
	at org.springframework.beans.factory.support.AbstractAutowireCapableBeanFactory.instantiateBean(AbstractAutowireCapableBeanFactory.java:1343) ~[spring-beans-6.2.3.jar:6.2.3]
	at org.springframework.beans.factory.support.AbstractAutowireCapableBeanFactory.createBeanInstance(AbstractAutowireCapableBeanFactory.java:1228) ~[spring-beans-6.2.3.jar:6.2.3]
	at org.springframework.beans.factory.support.AbstractAutowireCapableBeanFactory.doCreateBean(AbstractAutowireCapableBeanFactory.java:563) ~[spring-beans-6.2.3.jar:6.2.3]
	at org.springframework.beans.factory.support.AbstractAutowireCapableBeanFactory.createBean(AbstractAutowireCapableBeanFactory.java:523) ~[spring-beans-6.2.3.jar:6.2.3]
	at org.springframework.beans.factory.support.AbstractBeanFactory.lambda$doGetBean$0(AbstractBeanFactory.java:339) ~[spring-beans-6.2.3.jar:6.2.3]
	at org.springframework.beans.factory.support.DefaultSingletonBeanRegistry.getSingleton(DefaultSingletonBeanRegistry.java:346) ~[spring-beans-6.2.3.jar:6.2.3]
	at org.springframework.beans.factory.support.AbstractBeanFactory.doGetBean(AbstractBeanFactory.java:337) ~[spring-beans-6.2.3.jar:6.2.3]
	at org.springframework.beans.factory.support.AbstractBeanFactory.getBean(AbstractBeanFactory.java:202) ~[spring-beans-6.2.3.jar:6.2.3]
	at org.springframework.beans.factory.support.DefaultListableBeanFactory.instantiateSingleton(DefaultListableBeanFactory.java:1155) ~[spring-beans-6.2.3.jar:6.2.3]
	at org.springframework.beans.factory.support.DefaultListableBeanFactory.preInstantiateSingleton(DefaultListableBeanFactory.java:1121) ~[spring-beans-6.2.3.jar:6.2.3]
	at org.springframework.beans.factory.support.DefaultListableBeanFactory.preInstantiateSingletons(DefaultListableBeanFactory.java:1056) ~[spring-beans-6.2.3.jar:6.2.3]
	at org.springframework.context.support.AbstractApplicationContext.finishBeanFactoryInitialization(AbstractApplicationContext.java:987) ~[spring-context-6.2.3.jar:6.2.3]
	at org.springframework.context.support.AbstractApplicationContext.refresh(AbstractApplicationContext.java:627) ~[spring-context-6.2.3.jar:6.2.3]
	at org.springframework.boot.web.servlet.context.ServletWebServerApplicationContext.refresh(ServletWebServerApplicationContext.java:146) ~[spring-boot-3.4.3.jar:3.4.3]
	at org.springframework.boot.SpringApplication.refresh(SpringApplication.java:752) ~[spring-boot-3.4.3.jar:3.4.3]
	at org.springframework.boot.SpringApplication.refreshContext(SpringApplication.java:439) ~[spring-boot-3.4.3.jar:3.4.3]
	at org.springframework.boot.SpringApplication.run(SpringApplication.java:318) ~[spring-boot-3.4.3.jar:3.4.3]
	at org.springframework.boot.SpringApplication.run(SpringApplication.java:1361) ~[spring-boot-3.4.3.jar:3.4.3]
	at org.springframework.boot.SpringApplication.run(SpringApplication.java:1350) ~[spring-boot-3.4.3.jar:3.4.3]
	at com.spring.appdevelopment.AppDevelopmentApplication.main(AppDevelopmentApplication.java:10) ~[classes/:na]
Caused by: java.lang.ExceptionInInitializerError: null
	at java.base/jdk.internal.misc.Unsafe.ensureClassInitialized0(Native Method) ~[na:na]
	at java.base/jdk.internal.misc.Unsafe.ensureClassInitialized(Unsafe.java:1160) ~[na:na]
	at java.base/jdk.internal.reflect.MethodHandleAccessorFactory.ensureClassInitialized(MethodHandleAccessorFactory.java:300) ~[na:na]
	at java.base/jdk.internal.reflect.MethodHandleAccessorFactory.newConstructorAccessor(MethodHandleAccessorFactory.java:103) ~[na:na]
	at java.base/jdk.internal.reflect.ReflectionFactory.newConstructorAccessor(ReflectionFactory.java:200) ~[na:na]
	at java.base/java.lang.reflect.Constructor.acquireConstructorAccessor(Constructor.java:547) ~[na:na]
	at java.base/java.lang.reflect.Constructor.newInstanceWithCaller(Constructor.java:497) ~[na:na]
	at java.base/java.lang.reflect.Constructor.newInstance(Constructor.java:484) ~[na:na]
	at org.springframework.beans.BeanUtils.instantiateClass(BeanUtils.java:196) ~[spring-beans-6.2.3.jar:6.2.3]
	at org.springframework.beans.factory.support.SimpleInstantiationStrategy.instantiate(SimpleInstantiationStrategy.java:122) ~[spring-beans-6.2.3.jar:6.2.3]
	at org.springframework.beans.factory.support.AbstractAutowireCapableBeanFactory.instantiateBean(AbstractAutowireCapableBeanFactory.java:1337) ~[spring-beans-6.2.3.jar:6.2.3]
	... 19 common frames omitted
Caused by: java.lang.ClassCastException: class ch.qos.logback.classic.Logger cannot be cast to class java.util.logging.Logger (ch.qos.logback.classic.Logger is in unnamed module of loader 'app'; java.util.logging.Logger is in module java.logging of loader 'bootstrap')
	at com.spring.appdevelopment.controller.ControllerForLogger.<clinit>(ControllerForLogger.java:17) ~[classes/:na]
	... 30 common frames omitted

2025-02-21T15:43:48.648+05:30  INFO 13300 --- [appdevelopment] [main] c.s.a.AppDevelopmentApplication          : Starting AppDevelopmentApplication using Java 20.0.2 with PID 13300 (C:\Users\ASUS\Desktop\appdevelopment\springappdevelopment\target\classes started by ASUS in C:\Users\ASUS\Desktop\appdevelopment\springappdevelopment)
2025-02-21T15:43:48.651+05:30 DEBUG 13300 --- [appdevelopment] [main] c.s.a.AppDevelopmentApplication          : Running with Spring Boot v3.4.3, Spring v6.2.3
2025-02-21T15:43:48.653+05:30  INFO 13300 --- [appdevelopment] [main] c.s.a.AppDevelopmentApplication          : No active profile set, falling back to 1 default profile: "default"
2025-02-21T15:43:50.140+05:30  INFO 13300 --- [appdevelopment] [main] o.s.b.w.embedded.tomcat.TomcatWebServer  : Tomcat initialized with port 8080 (http)
2025-02-21T15:43:50.154+05:30  INFO 13300 --- [appdevelopment] [main] o.apache.catalina.core.StandardService   : Starting service [Tomcat]
2025-02-21T15:43:50.154+05:30  INFO 13300 --- [appdevelopment] [main] o.apache.catalina.core.StandardEngine    : Starting Servlet engine: [Apache Tomcat/10.1.36]
2025-02-21T15:43:50.220+05:30  INFO 13300 --- [appdevelopment] [main] o.a.c.c.C.[Tomcat].[localhost].[/]       : Initializing Spring embedded WebApplicationContext
2025-02-21T15:43:50.221+05:30  INFO 13300 --- [appdevelopment] [main] w.s.c.ServletWebServerApplicationContext : Root WebApplicationContext: initialization completed in 1492 ms
2025-02-21T15:43:50.280+05:30  WARN 13300 --- [appdevelopment] [main] ConfigServletWebServerApplicationContext : Exception encountered during context initialization - cancelling refresh attempt: org.springframework.beans.factory.BeanCreationException: Error creating bean with name 'controllerForLogger' defined in file [C:\Users\ASUS\Desktop\appdevelopment\springappdevelopment\target\classes\com\spring\appdevelopment\controller\ControllerForLogger.class]: null
2025-02-21T15:43:50.283+05:30  INFO 13300 --- [appdevelopment] [main] o.apache.catalina.core.StandardService   : Stopping service [Tomcat]
2025-02-21T15:43:50.297+05:30  INFO 13300 --- [appdevelopment] [main] .s.b.a.l.ConditionEvaluationReportLogger : 

Error starting ApplicationContext. To display the condition evaluation report re-run your application with 'debug' enabled.
2025-02-21T15:43:50.325+05:30 ERROR 13300 --- [appdevelopment] [main] o.s.boot.SpringApplication               : Application run failed

org.springframework.beans.factory.BeanCreationException: Error creating bean with name 'controllerForLogger' defined in file [C:\Users\ASUS\Desktop\appdevelopment\springappdevelopment\target\classes\com\spring\appdevelopment\controller\ControllerForLogger.class]: null
	at org.springframework.beans.factory.support.AbstractAutowireCapableBeanFactory.instantiateBean(AbstractAutowireCapableBeanFactory.java:1343) ~[spring-beans-6.2.3.jar:6.2.3]
	at org.springframework.beans.factory.support.AbstractAutowireCapableBeanFactory.createBeanInstance(AbstractAutowireCapableBeanFactory.java:1228) ~[spring-beans-6.2.3.jar:6.2.3]
	at org.springframework.beans.factory.support.AbstractAutowireCapableBeanFactory.doCreateBean(AbstractAutowireCapableBeanFactory.java:563) ~[spring-beans-6.2.3.jar:6.2.3]
	at org.springframework.beans.factory.support.AbstractAutowireCapableBeanFactory.createBean(AbstractAutowireCapableBeanFactory.java:523) ~[spring-beans-6.2.3.jar:6.2.3]
	at org.springframework.beans.factory.support.AbstractBeanFactory.lambda$doGetBean$0(AbstractBeanFactory.java:339) ~[spring-beans-6.2.3.jar:6.2.3]
	at org.springframework.beans.factory.support.DefaultSingletonBeanRegistry.getSingleton(DefaultSingletonBeanRegistry.java:346) ~[spring-beans-6.2.3.jar:6.2.3]
	at org.springframework.beans.factory.support.AbstractBeanFactory.doGetBean(AbstractBeanFactory.java:337) ~[spring-beans-6.2.3.jar:6.2.3]
	at org.springframework.beans.factory.support.AbstractBeanFactory.getBean(AbstractBeanFactory.java:202) ~[spring-beans-6.2.3.jar:6.2.3]
	at org.springframework.beans.factory.support.DefaultListableBeanFactory.instantiateSingleton(DefaultListableBeanFactory.java:1155) ~[spring-beans-6.2.3.jar:6.2.3]
	at org.springframework.beans.factory.support.DefaultListableBeanFactory.preInstantiateSingleton(DefaultListableBeanFactory.java:1121) ~[spring-beans-6.2.3.jar:6.2.3]
	at org.springframework.beans.factory.support.DefaultListableBeanFactory.preInstantiateSingletons(DefaultListableBeanFactory.java:1056) ~[spring-beans-6.2.3.jar:6.2.3]
	at org.springframework.context.support.AbstractApplicationContext.finishBeanFactoryInitialization(AbstractApplicationContext.java:987) ~[spring-context-6.2.3.jar:6.2.3]
	at org.springframework.context.support.AbstractApplicationContext.refresh(AbstractApplicationContext.java:627) ~[spring-context-6.2.3.jar:6.2.3]
	at org.springframework.boot.web.servlet.context.ServletWebServerApplicationContext.refresh(ServletWebServerApplicationContext.java:146) ~[spring-boot-3.4.3.jar:3.4.3]
	at org.springframework.boot.SpringApplication.refresh(SpringApplication.java:752) ~[spring-boot-3.4.3.jar:3.4.3]
	at org.springframework.boot.SpringApplication.refreshContext(SpringApplication.java:439) ~[spring-boot-3.4.3.jar:3.4.3]
	at org.springframework.boot.SpringApplication.run(SpringApplication.java:318) ~[spring-boot-3.4.3.jar:3.4.3]
	at org.springframework.boot.SpringApplication.run(SpringApplication.java:1361) ~[spring-boot-3.4.3.jar:3.4.3]
	at org.springframework.boot.SpringApplication.run(SpringApplication.java:1350) ~[spring-boot-3.4.3.jar:3.4.3]
	at com.spring.appdevelopment.AppDevelopmentApplication.main(AppDevelopmentApplication.java:10) ~[classes/:na]
Caused by: java.lang.ExceptionInInitializerError: null
	at java.base/jdk.internal.misc.Unsafe.ensureClassInitialized0(Native Method) ~[na:na]
	at java.base/jdk.internal.misc.Unsafe.ensureClassInitialized(Unsafe.java:1160) ~[na:na]
	at java.base/jdk.internal.reflect.MethodHandleAccessorFactory.ensureClassInitialized(MethodHandleAccessorFactory.java:300) ~[na:na]
	at java.base/jdk.internal.reflect.MethodHandleAccessorFactory.newConstructorAccessor(MethodHandleAccessorFactory.java:103) ~[na:na]
	at java.base/jdk.internal.reflect.ReflectionFactory.newConstructorAccessor(ReflectionFactory.java:200) ~[na:na]
	at java.base/java.lang.reflect.Constructor.acquireConstructorAccessor(Constructor.java:547) ~[na:na]
	at java.base/java.lang.reflect.Constructor.newInstanceWithCaller(Constructor.java:497) ~[na:na]
	at java.base/java.lang.reflect.Constructor.newInstance(Constructor.java:484) ~[na:na]
	at org.springframework.beans.BeanUtils.instantiateClass(BeanUtils.java:196) ~[spring-beans-6.2.3.jar:6.2.3]
	at org.springframework.beans.factory.support.SimpleInstantiationStrategy.instantiate(SimpleInstantiationStrategy.java:122) ~[spring-beans-6.2.3.jar:6.2.3]
	at org.springframework.beans.factory.support.AbstractAutowireCapableBeanFactory.instantiateBean(AbstractAutowireCapableBeanFactory.java:1337) ~[spring-beans-6.2.3.jar:6.2.3]
	... 19 common frames omitted
Caused by: java.lang.ClassCastException: class ch.qos.logback.classic.Logger cannot be cast to class java.util.logging.Logger (ch.qos.logback.classic.Logger is in unnamed module of loader 'app'; java.util.logging.Logger is in module java.logging of loader 'bootstrap')
	at com.spring.appdevelopment.controller.ControllerForLogger.<clinit>(ControllerForLogger.java:17) ~[classes/:na]
	... 30 common frames omitted

2025-02-21T20:20:43.079+05:30  INFO 22716 --- [appdevelopment] [main] c.s.a.AppDevelopmentApplication          : Starting AppDevelopmentApplication using Java 20.0.2 with PID 22716 (C:\Users\ASUS\Desktop\appdevelopment\springappdevelopment\target\classes started by ASUS in C:\Users\ASUS\Desktop\appdevelopment\springappdevelopment)
2025-02-21T20:20:43.082+05:30 DEBUG 22716 --- [appdevelopment] [main] c.s.a.AppDevelopmentApplication          : Running with Spring Boot v3.4.3, Spring v6.2.3
2025-02-21T20:20:43.084+05:30  INFO 22716 --- [appdevelopment] [main] c.s.a.AppDevelopmentApplication          : No active profile set, falling back to 1 default profile: "default"
2025-02-21T20:20:44.379+05:30  INFO 22716 --- [appdevelopment] [main] o.s.b.w.embedded.tomcat.TomcatWebServer  : Tomcat initialized with port 8080 (http)
2025-02-21T20:20:44.394+05:30  INFO 22716 --- [appdevelopment] [main] o.apache.catalina.core.StandardService   : Starting service [Tomcat]
2025-02-21T20:20:44.394+05:30  INFO 22716 --- [appdevelopment] [main] o.apache.catalina.core.StandardEngine    : Starting Servlet engine: [Apache Tomcat/10.1.36]
2025-02-21T20:20:44.458+05:30  INFO 22716 --- [appdevelopment] [main] o.a.c.c.C.[Tomcat].[localhost].[/]       : Initializing Spring embedded WebApplicationContext
2025-02-21T20:20:44.458+05:30  INFO 22716 --- [appdevelopment] [main] w.s.c.ServletWebServerApplicationContext : Root WebApplicationContext: initialization completed in 1287 ms
2025-02-21T20:20:44.588+05:30  INFO 22716 --- [appdevelopment] [main] o.s.b.a.w.s.WelcomePageHandlerMapping    : Adding welcome page template: index
2025-02-21T20:20:44.936+05:30  INFO 22716 --- [appdevelopment] [main] o.s.b.w.embedded.tomcat.TomcatWebServer  : Tomcat started on port 8080 (http) with context path '/'
2025-02-21T20:20:44.948+05:30  INFO 22716 --- [appdevelopment] [main] c.s.a.AppDevelopmentApplication          : Started AppDevelopmentApplication in 2.619 seconds (process running for 3.233)
2025-02-21T20:21:08.102+05:30  INFO 22716 --- [appdevelopment] [SpringApplicationShutdownHook] o.s.b.w.e.tomcat.GracefulShutdown        : Commencing graceful shutdown. Waiting for active requests to complete
2025-02-21T20:21:08.150+05:30  INFO 22716 --- [appdevelopment] [tomcat-shutdown] o.s.b.w.e.tomcat.GracefulShutdown        : Graceful shutdown complete
2025-02-21T20:29:56.297+05:30  INFO 12912 --- [appdevelopment] [main] c.s.a.AppDevelopmentApplication          : Starting AppDevelopmentApplication using Java 20.0.2 with PID 12912 (C:\Users\ASUS\Desktop\appdevelopment\springappdevelopment\target\classes started by ASUS in C:\Users\ASUS\Desktop\appdevelopment\springappdevelopment)
2025-02-21T20:29:56.300+05:30 DEBUG 12912 --- [appdevelopment] [main] c.s.a.AppDevelopmentApplication          : Running with Spring Boot v3.4.3, Spring v6.2.3
2025-02-21T20:29:56.302+05:30  INFO 12912 --- [appdevelopment] [main] c.s.a.AppDevelopmentApplication          : No active profile set, falling back to 1 default profile: "default"
2025-02-21T20:29:57.741+05:30  INFO 12912 --- [appdevelopment] [main] o.s.b.w.embedded.tomcat.TomcatWebServer  : Tomcat initialized with port 8080 (http)
2025-02-21T20:29:57.759+05:30  INFO 12912 --- [appdevelopment] [main] o.apache.catalina.core.StandardService   : Starting service [Tomcat]
2025-02-21T20:29:57.759+05:30  INFO 12912 --- [appdevelopment] [main] o.apache.catalina.core.StandardEngine    : Starting Servlet engine: [Apache Tomcat/10.1.36]
2025-02-21T20:29:57.848+05:30  INFO 12912 --- [appdevelopment] [main] o.a.c.c.C.[Tomcat].[localhost].[/]       : Initializing Spring embedded WebApplicationContext
2025-02-21T20:29:57.849+05:30  INFO 12912 --- [appdevelopment] [main] w.s.c.ServletWebServerApplicationContext : Root WebApplicationContext: initialization completed in 1478 ms
2025-02-21T20:29:58.021+05:30  INFO 12912 --- [appdevelopment] [main] o.s.b.a.w.s.WelcomePageHandlerMapping    : Adding welcome page template: index
2025-02-21T20:29:58.386+05:30  INFO 12912 --- [appdevelopment] [main] o.s.b.w.embedded.tomcat.TomcatWebServer  : Tomcat started on port 8080 (http) with context path '/'
2025-02-21T20:29:58.397+05:30  INFO 12912 --- [appdevelopment] [main] c.s.a.AppDevelopmentApplication          : Started AppDevelopmentApplication in 2.858 seconds (process running for 3.351)
2025-02-21T20:30:17.230+05:30  INFO 12912 --- [appdevelopment] [http-nio-8080-exec-3] o.a.c.c.C.[Tomcat].[localhost].[/]       : Initializing Spring DispatcherServlet 'dispatcherServlet'
2025-02-21T20:30:17.231+05:30  INFO 12912 --- [appdevelopment] [http-nio-8080-exec-3] o.s.web.servlet.DispatcherServlet        : Initializing Servlet 'dispatcherServlet'
2025-02-21T20:30:17.232+05:30  INFO 12912 --- [appdevelopment] [http-nio-8080-exec-3] o.s.web.servlet.DispatcherServlet        : Completed initialization in 1 ms
2025-02-21T20:31:53.739+05:30  INFO 12912 --- [appdevelopment] [SpringApplicationShutdownHook] o.s.b.w.e.tomcat.GracefulShutdown        : Commencing graceful shutdown. Waiting for active requests to complete
2025-02-21T20:31:53.786+05:30  INFO 12912 --- [appdevelopment] [tomcat-shutdown] o.s.b.w.e.tomcat.GracefulShutdown        : Graceful shutdown complete
